2022-07-28T15:39:25+00:00 INFO Doing Task:set_settings
2022-07-28T15:39:27+00:00 INFO Doing Task:subscribe_to_es
2022-07-28T15:39:27+00:00 INFO Task Done:set_settings
2022-07-28T15:39:27+00:00 INFO Doing Task:create_default_lists
2022-07-28T15:39:28+00:00 INFO Task Done:create_default_lists
2022-07-28T15:39:28+00:00 INFO Doing Task:create_contacts_and_add_to_list
2022-07-28T15:39:28+00:00 INFO Task Done:create_contacts_and_add_to_list
2022-07-28T15:39:28+00:00 INFO Doing Task:add_default_workflows
2022-07-28T15:39:29+00:00 INFO Task Done:subscribe_to_es
2022-07-28T15:39:30+00:00 INFO Doing Task:save_final_configuration
2022-07-28T15:39:30+00:00 INFO Task Done:save_final_configuration
2022-07-28T15:39:31+00:00 INFO Task Done:add_default_workflows
2022-07-28T15:39:31+00:00 INFO Doing Task:create_default_newsletter_broadcast
2022-07-28T15:39:32+00:00 INFO Task Done:create_default_newsletter_broadcast
2022-07-28T15:39:32+00:00 INFO Doing Task:create_default_post_notification
2022-07-28T15:39:32+00:00 INFO Task Done:create_default_post_notification
2022-07-28T15:39:32+00:00 INFO Doing Task:create_default_subscription_form
2022-07-28T15:39:32+00:00 INFO Task Done:create_default_subscription_form
2022-07-28T15:39:32+00:00 INFO Doing Task:add_widget_to_sidebar
2022-07-28T15:39:32+00:00 INFO Task Failed:add_widget_to_sidebar
2022-07-28T15:39:34+00:00 INFO Doing Task:queue_default_broadcast_newsletter
2022-07-28T15:39:34+00:00 INFO Task Failed:queue_default_broadcast_newsletter
